<?xml version="1.0" encoding="UTF-8" ?>
<testsuite errors="0" failures="0" hostname="BeeBees-Macbook-Pro.local" name="RationalTest" skipped="0" tests="7" time="0.025" timestamp="2025-09-05T05:53:23">
  <properties>
[...]
</properties>
  <testcase classname="RationalTest" name="testAdd" time="0.002" />
  <testcase classname="RationalTest" name="testSubtract" time="0.0" />
  <testcase classname="RationalTest" name="testToString" time="0.0" />
  <testcase classname="RationalTest" name="testCompareTo" time="0.0" />
  <testcase classname="RationalTest" name="testDivide" time="0.0" />
  <testcase classname="RationalTest" name="testEquals" time="0.001" />
  <testcase classname="RationalTest" name="testMultiply" time="0.0" />
  <system-out><![CDATA[Initializing the two Rational numbers.
Clear up the two Rational numbers.
Initializing the two Rational numbers.
Clear up the two Rational numbers.
Initializing the two Rational numbers.
Clear up the two Rational numbers.
Initializing the two Rational numbers.
Clear up the two Rational numbers.
Initializing the two Rational numbers.
Clear up the two Rational numbers.
Initializing the two Rational numbers.
Clear up the two Rational numbers.
Initializing the two Rational numbers.
Clear up the two Rational numbers.
]]></system-out>
  <system-err><![CDATA[]]></system-err>
</testsuite>
